0 verbose cli /usr/local/bin/node /usr/local/bin/npm
1 info using npm@9.6.3
2 info using node@v19.9.0
3 timing npm:load:whichnode Completed in 39ms
4 timing config:load:defaults Completed in 16ms
5 timing config:load:file:/usr/local/lib/node_modules/npm/npmrc Completed in 1ms
6 timing config:load:builtin Completed in 1ms
7 timing config:load:cli Completed in 4ms
8 timing config:load:env Completed in 1ms
9 timing config:load:file:/user/local/app/.npmrc Completed in 8ms
10 timing config:load:project Completed in 37ms
11 timing config:load:file:/user/local/app/my_home/.npmrc Completed in 17ms
12 timing config:load:user Completed in 17ms
13 timing config:load:file:/usr/local/etc/npmrc Completed in 0ms
14 timing config:load:global Completed in 0ms
15 timing config:load:setEnvs Completed in 2ms
16 timing config:load Completed in 80ms
17 timing npm:load:configload Completed in 80ms
18 timing npm:load:mkdirpcache Completed in 14ms
19 timing npm:load:mkdirplogs Completed in 58ms
20 verbose title npm run dev
21 verbose argv "run" "dev"
22 timing npm:load:setTitle Completed in 2ms
23 timing config:load:flatten Completed in 16ms
24 timing npm:load:display Completed in 18ms
25 verbose logfile logs-max:10 dir:/user/local/app/my_home/.npm/_logs/2023-04-11T22_53_10_934Z-
26 verbose logfile /user/local/app/my_home/.npm/_logs/2023-04-11T22_53_10_934Z-debug-0.log
27 timing npm:load:logFile Completed in 74ms
28 timing npm:load:timers Completed in 0ms
29 timing npm:load:configScope Completed in 0ms
30 timing npm:load Completed in 303ms
31 silly logfile done cleaning log files
