0 verbose cli /usr/local/bin/node /usr/local/bin/npm
1 info using npm@9.6.3
2 info using node@v19.9.0
3 timing npm:load:whichnode Completed in 6ms
4 timing config:load:defaults Completed in 19ms
5 timing config:load:file:/usr/local/lib/node_modules/npm/npmrc Completed in 0ms
6 timing config:load:builtin Completed in 1ms
7 timing config:load:cli Completed in 4ms
8 timing config:load:env Completed in 0ms
9 timing config:load:file:/user/local/app/.npmrc Completed in 1ms
10 timing config:load:project Completed in 23ms
11 timing config:load:file:/user/local/app/my_home/.npmrc Completed in 2ms
12 timing config:load:user Completed in 2ms
13 timing config:load:file:/usr/local/etc/npmrc Completed in 0ms
14 timing config:load:global Completed in 0ms
15 timing config:load:setEnvs Completed in 2ms
16 timing config:load Completed in 54ms
17 timing npm:load:configload Completed in 55ms
18 timing npm:load:mkdirpcache Completed in 3ms
19 timing npm:load:mkdirplogs Completed in 5ms
20 verbose title npm run dev
21 verbose argv "run" "dev"
22 timing npm:load:setTitle Completed in 2ms
23 timing config:load:flatten Completed in 6ms
24 timing npm:load:display Completed in 7ms
25 verbose logfile logs-max:10 dir:/user/local/app/my_home/.npm/_logs/2023-04-11T22_44_27_879Z-
26 verbose logfile /user/local/app/my_home/.npm/_logs/2023-04-11T22_44_27_879Z-debug-0.log
27 timing npm:load:logFile Completed in 36ms
28 timing npm:load:timers Completed in 0ms
29 timing npm:load:configScope Completed in 0ms
30 timing npm:load Completed in 116ms
31 silly logfile done cleaning log files
32 timing command:run Completed in 48593ms
33 verbose stack Error: command failed
33 verbose stack     at ChildProcess.<anonymous> (/usr/local/lib/node_modules/npm/node_modules/@npmcli/promise-spawn/lib/index.js:53:27)
33 verbose stack     at ChildProcess.emit (node:events:513:28)
33 verbose stack     at maybeClose (node:internal/child_process:1098:16)
33 verbose stack     at ChildProcess._handle.onexit (node:internal/child_process:304:5)
34 verbose pkgid node_with_docker@1.0.0
35 verbose cwd /user/local/app
36 verbose Linux 5.10.16.3-microsoft-standard-WSL2
37 verbose node v19.9.0
38 verbose npm  v9.6.3
39 error path /user/local/app
40 error command failed
41 error signal SIGTERM
42 error command sh -c bash -c 'rm -rf /user/local/app/node_modules/* && nodemon -L src/index.ts'
43 verbose exit 1
44 timing npm Completed in 48863ms
45 verbose code 1
46 error A complete log of this run can be found in: /user/local/app/my_home/.npm/_logs/2023-04-11T22_44_27_879Z-debug-0.log
