0 verbose cli /usr/local/bin/node /usr/local/bin/npm
1 info using npm@9.6.3
2 info using node@v19.9.0
3 timing npm:load:whichnode Completed in 17ms
4 timing config:load:defaults Completed in 8ms
5 timing config:load:file:/usr/local/lib/node_modules/npm/npmrc Completed in 1ms
6 timing config:load:builtin Completed in 1ms
7 timing config:load:cli Completed in 33ms
8 timing config:load:env Completed in 0ms
9 timing config:load:file:/user/local/app/.npmrc Completed in 0ms
10 timing config:load:project Completed in 16ms
11 timing config:load:file:/user/local/app/my_home/.npmrc Completed in 1ms
12 timing config:load:user Completed in 1ms
13 timing config:load:file:/usr/local/etc/npmrc Completed in 0ms
14 timing config:load:global Completed in 1ms
15 timing config:load:setEnvs Completed in 1ms
16 timing config:load Completed in 62ms
17 timing npm:load:configload Completed in 62ms
18 timing npm:load:mkdirpcache Completed in 45ms
19 timing npm:load:mkdirplogs Completed in 19ms
20 verbose title npm run dev
21 verbose argv "run" "dev"
22 timing npm:load:setTitle Completed in 2ms
23 timing config:load:flatten Completed in 16ms
24 timing npm:load:display Completed in 29ms
25 verbose logfile logs-max:10 dir:/user/local/app/my_home/.npm/_logs/2023-04-11T21_45_38_047Z-
26 verbose logfile /user/local/app/my_home/.npm/_logs/2023-04-11T21_45_38_047Z-debug-0.log
27 timing npm:load:logFile Completed in 113ms
28 timing npm:load:timers Completed in 1ms
29 timing npm:load:configScope Completed in 0ms
30 timing npm:load Completed in 292ms
31 silly logfile done cleaning log files
32 http fetch GET 200 https://registry.npmjs.org/npm 4200ms (cache miss)
33 timing command:run Completed in 976273ms
34 notice
34 notice New patch version of npm available! 9.6.3 -> 9.6.4
34 notice Changelog: <https://github.com/npm/cli/releases/tag/v9.6.4>
34 notice Run `npm install -g npm@9.6.4` to update!
34 notice
35 verbose stack Error: command failed
35 verbose stack     at ChildProcess.<anonymous> (/usr/local/lib/node_modules/npm/node_modules/@npmcli/promise-spawn/lib/index.js:53:27)
35 verbose stack     at ChildProcess.emit (node:events:513:28)
35 verbose stack     at maybeClose (node:internal/child_process:1098:16)
35 verbose stack     at ChildProcess._handle.onexit (node:internal/child_process:304:5)
36 verbose pkgid node_with_docker@1.0.0
37 verbose cwd /user/local/app
38 verbose Linux 5.10.16.3-microsoft-standard-WSL2
39 verbose node v19.9.0
40 verbose npm  v9.6.3
41 error path /user/local/app
42 error command failed
43 error signal SIGTERM
44 error command sh -c bash -c 'rm -rf /user/local/app/node_modules/* && nodemon -L src/index.ts'
45 verbose exit 1
46 timing npm Completed in 976607ms
47 verbose code 1
48 error A complete log of this run can be found in: /user/local/app/my_home/.npm/_logs/2023-04-11T21_45_38_047Z-debug-0.log
